c:\users\avgru\visualstudioprojects\tsbk07\lab3\debug\vc141.pdb
c:\users\avgru\visualstudioprojects\tsbk07\lab3\debug\vc141.idb
c:\users\avgru\visualstudioprojects\tsbk07\lab3\debug\microglut.obj
c:\users\avgru\visualstudioprojects\tsbk07\lab3\debug\glew.obj
c:\users\avgru\visualstudioprojects\tsbk07\lab3\debug\vectorutils3.obj
c:\users\avgru\visualstudioprojects\tsbk07\lab3\debug\loadtga.obj
c:\users\avgru\visualstudioprojects\tsbk07\lab3\debug\loadobj.obj
c:\users\avgru\visualstudioprojects\tsbk07\lab3\debug\gl_utilities.obj
c:\users\avgru\visualstudioprojects\tsbk07\lab3\debug\lab3-1.obj
c:\users\avgru\visualstudioprojects\tsbk07\lab3\debug\lab3-2.obj
c:\users\avgru\visualstudioprojects\tsbk07\lab3\debug\lab3-3.obj
c:\users\avgru\visualstudioprojects\tsbk07\lab3\debug\lab3-4.obj
c:\users\avgru\visualstudioprojects\tsbk07\lab3\debug\lab3.exe
c:\users\avgru\visualstudioprojects\tsbk07\lab3\debug\lab3.ilk
c:\users\avgru\visualstudioprojects\tsbk07\lab3\debug\lab3.pdb
c:\users\alex\prog\tsbk07\lab3\debug\glew.obj
c:\users\alex\prog\tsbk07\lab3\debug\gl_utilities.obj
c:\users\alex\prog\tsbk07\lab3\debug\lab3-1.obj
c:\users\alex\prog\tsbk07\lab3\debug\lab3-2.obj
c:\users\alex\prog\tsbk07\lab3\debug\lab3-3.obj
c:\users\alex\prog\tsbk07\lab3\debug\lab3-4.obj
c:\users\alex\prog\tsbk07\lab3\debug\loadobj.obj
c:\users\alex\prog\tsbk07\lab3\debug\loadtga.obj
c:\users\alex\prog\tsbk07\lab3\debug\microglut.obj
c:\users\alex\prog\tsbk07\lab3\debug\vectorutils3.obj
c:\users\alex\prog\tsbk07\lab3\debug\lab3-3.obj.enc
c:\users\alex\prog\tsbk07\lab3\debug\lab3.ilk
c:\users\alex\prog\tsbk07\lab3\debug\vc141.idb
c:\users\alex\prog\tsbk07\lab3\debug\lab3.pdb
c:\users\alex\prog\tsbk07\lab3\debug\vc141.pdb
c:\users\alex\prog\tsbk07\lab3\debug\lab3.exe
c:\users\alex\prog\tsbk07\lab3\debug\lab3.tlog\cl.command.1.tlog
c:\users\alex\prog\tsbk07\lab3\debug\lab3.tlog\cl.read.1.tlog
c:\users\alex\prog\tsbk07\lab3\debug\lab3.tlog\cl.write.1.tlog
c:\users\alex\prog\tsbk07\lab3\debug\lab3.tlog\link.command.1.tlog
c:\users\alex\prog\tsbk07\lab3\debug\lab3.tlog\link.read.1.tlog
c:\users\alex\prog\tsbk07\lab3\debug\lab3.tlog\link.write.1.tlog
